0 info it worked if it ends with ok
1 verbose cli [ 'C:\\Program Files\\nodejs\\node.exe',
1 verbose cli   'C:\\Users\\Dell\\AppData\\Roaming\\npm\\node_modules\\npm\\bin\\npm-cli.js',
1 verbose cli   'start' ]
2 info using npm@3.10.7
3 info using node@v10.16.3
4 verbose run-script [ 'prestart', 'start', 'poststart' ]
5 info lifecycle lab_7@1.0.0~prestart: lab_7@1.0.0
6 silly lifecycle lab_7@1.0.0~prestart: no script for prestart, continuing
7 info lifecycle lab_7@1.0.0~start: lab_7@1.0.0
8 verbose lifecycle lab_7@1.0.0~start: unsafe-perm in lifecycle true
9 verbose lifecycle lab_7@1.0.0~start: PATH: C:\Users\Dell\AppData\Roaming\npm\node_modules\npm\bin\node-gyp-bin;E:\STEVENS\study\Web programming I\project\the_sign_language_portal\node_modules\.bin;C:\Program Files (x86)\Common Files\Oracle\Java\javapath;C:\Program Files (x86)\Intel\iCLS Client\;C:\Program Files\Intel\iCLS Client\;C:\Program Files (x86)\Java\jdk1.8.0_25\bin;C:\WINDOWS\system32;C:\WINDOWS;C:\WINDOWS\System32\Wbem;C:\WINDOWS\System32\WindowsPowerShell\v1.0\;C:\Program Files\Java\jdk1.8.0_25;C:\Program Files\Git\cmd;C:\Program Files (x86)\ATI Technologies\ATI.ACE\Core-Static;C:\WINDOWS\System32\OpenSSH\;C:\cygwin64\bin;C:\Program Files\Amazon\AWSCLI\bin\;C:\Program Files\Intel\Intel(R) Management Engine Components\DAL;C:\Program Files\Intel\Intel(R) Management Engine Components\IPT;C:\Program Files (x86)\Intel\Intel(R) Management Engine Components\DAL;C:\Program Files (x86)\Intel\Intel(R) Management Engine Components\IPT;C:\Program Files\MiKTeX 2.9\miktex\bin\x64\;C:\Program Files\nodejs\;C:\Users\Dell\AppData\Local\Programs\Python\Python37\Scripts\;C:\Users\Dell\AppData\Local\Programs\Python\Python37\;C:\Users\Dell\AppData\Local\Programs\Python\Python37-32\Scripts\;C:\Users\Dell\AppData\Local\Programs\Python\Python37-32\;C:\Users\Dell\AppData\Local\Programs\Python\Launcher\;C:\Program Files\Java\jdk1.8.0_25;C:\Program Files\nodejs\;C:\Users\Dell\AppData\Local\Microsoft\WindowsApps;C:\cygwin64\bin;C:\Users\Dell\AppData\Local\GitHubDesktop\bin;C:\Users\Dell\AppData\Local\Microsoft\WindowsApps;c:\spark\bin;C:\Program Files\Java\jdk1.8.0_25\bin;C:\Users\Dell\AppData\Local\Programs\Microsoft VS Code\bin;C:\Users\Dell\AppData\Roaming\npm;C:\Users\Dell\AppData\Local\Google\Cloud SDK\google-cloud-sdk\bin
10 verbose lifecycle lab_7@1.0.0~start: CWD: E:\STEVENS\study\Web programming I\project\the_sign_language_portal
11 silly lifecycle lab_7@1.0.0~start: Args: [ '/d /s /c', 'node index.js' ]
12 silly lifecycle lab_7@1.0.0~start: Returned: code: 1  signal: null
13 info lifecycle lab_7@1.0.0~start: Failed to exec start script
14 verbose stack Error: lab_7@1.0.0 start: `node index.js`
14 verbose stack Exit status 1
14 verbose stack     at EventEmitter.<anonymous> (C:\Users\Dell\AppData\Roaming\npm\node_modules\npm\lib\utils\lifecycle.js:255:16)
14 verbose stack     at EventEmitter.emit (events.js:198:13)
14 verbose stack     at ChildProcess.<anonymous> (C:\Users\Dell\AppData\Roaming\npm\node_modules\npm\lib\utils\spawn.js:40:14)
14 verbose stack     at ChildProcess.emit (events.js:198:13)
14 verbose stack     at maybeClose (internal/child_process.js:982:16)
14 verbose stack     at Process.ChildProcess._handle.onexit (internal/child_process.js:259:5)
15 verbose pkgid lab_7@1.0.0
16 verbose cwd E:\STEVENS\study\Web programming I\project\the_sign_language_portal
17 error Windows_NT 10.0.18362
18 error argv "C:\\Program Files\\nodejs\\node.exe" "C:\\Users\\Dell\\AppData\\Roaming\\npm\\node_modules\\npm\\bin\\npm-cli.js" "start"
19 error node v10.16.3
20 error npm  v3.10.7
21 error code ELIFECYCLE
22 error lab_7@1.0.0 start: `node index.js`
22 error Exit status 1
23 error Failed at the lab_7@1.0.0 start script 'node index.js'.
23 error Make sure you have the latest version of node.js and npm installed.
23 error If you do, this is most likely a problem with the lab_7 package,
23 error not with npm itself.
23 error Tell the author that this fails on your system:
23 error     node index.js
23 error You can get information on how to open an issue for this project with:
23 error     npm bugs lab_7
23 error Or if that isn't available, you can get their info via:
23 error     npm owner ls lab_7
23 error There is likely additional logging output above.
24 verbose exit [ 1, true ]
